<?xml version="1.0" encoding="UTF-8"?>
<!-- Generated by org.testng.reporters.JUnitReportReporter -->
<testsuite skipped="0" hostname="LAPTOP-EPF2259K" name="com.Testng.Dataprovider2" tests="2" failures="0" timestamp="24 Feb 2020 06:40:58 GMT" time="0.016" errors="0">
  <testcase name="method" time="0.003" classname="com.Testng.Dataprovider2"/>
  <testcase name="method" time="0.013" classname="com.Testng.Dataprovider2"/>
</testsuite> <!-- com.Testng.Dataprovider2 -->
