<?xml version="1.0" encoding="UTF-8"?>
<!-- Generated by org.testng.reporters.JUnitReportReporter -->
<testsuite skipped="0" hostname="LAPTOP-EPF2259K" name="com.example.Person" tests="3" failures="0" timestamp="11 Mar 2020 05:39:50 GMT" time="0.029" errors="0">
  <testcase name="noofperson" time="0.019" classname="com.example.Person"/>
  <testcase name="personadd" time="0.004" classname="com.example.Person"/>
  <testcase name="personcity" time="0.006" classname="com.example.Person"/>
</testsuite> <!-- com.example.Person -->
