<?xml version="1.0" encoding="UTF-8"?>
<!-- Generated by org.testng.reporters.JUnitReportReporter -->
<testsuite skipped="0" hostname="LAPTOP-EPF2259K" name="com.Testng.case1Test" tests="4" failures="0" timestamp="24 Feb 2020 06:04:00 GMT" time="0.018" errors="0">
  <testcase name="m1" time="0.007" classname="com.Testng.case1Test"/>
  <testcase name="m13" time="0.004" classname="com.Testng.case1Test"/>
  <testcase name="m12" time="0.003" classname="com.Testng.case1Test"/>
  <testcase name="m12" time="0.004" classname="com.Testng.case1Test"/>
</testsuite> <!-- com.Testng.case1Test -->
