<?xml version="1.0" encoding="UTF-8"?>
<!-- Generated by org.testng.reporters.JUnitReportReporter -->
<testsuite skipped="0" hostname="LAPTOP-EPF2259K" name="com.Testng.DataProviderClass" tests="4" failures="0" timestamp="24 Feb 2020 06:20:58 GMT" time="0.042" errors="0">
  <testcase name="test1" time="0.003" classname="com.Testng.DataProviderClass"/>
  <testcase name="m1" time="0.005" classname="com.Testng.DataProviderClass"/>
  <testcase name="m1" time="0.031" classname="com.Testng.DataProviderClass"/>
  <testcase name="test1" time="0.003" classname="com.Testng.DataProviderClass"/>
</testsuite> <!-- com.Testng.DataProviderClass -->
