<?xml version="1.0" encoding="UTF-8"?>
<!-- Generated by org.testng.reporters.JUnitReportReporter -->
<testsuite skipped="0" hostname="LAPTOP-EPF2259K" name="com.Testng.ClassTest1" tests="5" failures="0" timestamp="20 Feb 2020 12:14:30 GMT" time="0.001" errors="0">
  <testcase name="testcase5" time="0.001" classname="com.Testng.ClassTest1"/>
  <testcase name="testcase5" time="0.000" classname="com.Testng.ClassTest1"/>
  <testcase name="testcase5" time="0.000" classname="com.Testng.ClassTest1"/>
  <testcase name="testcase5" time="0.000" classname="com.Testng.ClassTest1"/>
  <testcase name="testcase5" time="0.000" classname="com.Testng.ClassTest1"/>
</testsuite> <!-- com.Testng.ClassTest1 -->
