<?xml version="1.0" encoding="UTF-8"?>
<!-- Generated by org.testng.reporters.JUnitReportReporter -->
<testsuite skipped="0" hostname="LAPTOP-EPF2259K" name="com.Testng.case2Test" tests="1" failures="0" timestamp="24 Feb 2020 06:04:00 GMT" time="0.008" errors="0">
  <testcase name="m1" time="0.008" classname="com.Testng.case2Test"/>
</testsuite> <!-- com.Testng.case2Test -->
