<?xml version="1.0" encoding="UTF-8"?>
<!-- Generated by org.testng.reporters.JUnitReportReporter -->
<testsuite skipped="0" hostname="LAPTOP-EPF2259K" name="com.example.Employee" tests="3" failures="0" timestamp="11 Mar 2020 05:39:50 GMT" time="0.010" errors="0">
  <testcase name="employeecity" time="0.004" classname="com.example.Employee"/>
  <testcase name="employeeadd" time="0.003" classname="com.example.Employee"/>
  <testcase name="noofemployee" time="0.003" classname="com.example.Employee"/>
</testsuite> <!-- com.example.Employee -->
